[0.751s] Invoking command in '/home/wayan1/ros2_workspace_3/build/calcu_node': CMAKE_PREFIX_PATH=${CMAKE_PREFIX_PATH}:/opt/ros/humble /usr/bin/cmake --build /home/wayan1/ros2_workspace_3/build/calcu_node -- -j2 -l2
[1.436s] [35m[1mConsolidate compiler generated dependencies of target talk[0m
[1.672s] [ 25%] [32mBuilding CXX object CMakeFiles/talk.dir/src/calculator.cpp.o[0m
[21.564s] [01m[K/home/wayan1/ros2_workspace_3/src/calcu_node/src/calculator.cpp:[m[K In constructor â€˜[01m[KTrigCalculatorNode::TrigCalculatorNode()[m[Kâ€™:
[21.565s] [01m[K/home/wayan1/ros2_workspace_3/src/calcu_node/src/calculator.cpp:14:37:[m[K [01;31m[Kerror: [m[Kno matching function for call to â€˜[01m[KTrigCalculatorNode::create_wall_timer(std::chrono::seconds)[m[Kâ€™
[21.565s]    14 |     timer_ = [01;31m[Kthis->create_wall_timer(std::chrono::seconds(4))[m[K, std::bind(&TrigCalculatorNode::publishTrigOperation, this));
[21.566s]       |              [01;31m[K~~~~~~~~~~~~~~~~~~~~~~~^~~~~~~~~~~~~~~~~~~~~~~~~[m[K
[21.570s] In file included from [01m[K/opt/ros/humble/include/rclcpp/rclcpp/executors/single_threaded_executor.hpp:28[m[K,
[21.571s]                  from [01m[K/opt/ros/humble/include/rclcpp/rclcpp/executors.hpp:22[m[K,
[21.571s]                  from [01m[K/opt/ros/humble/include/rclcpp/rclcpp/rclcpp.hpp:155[m[K,
[21.571s]                  from [01m[K/home/wayan1/ros2_workspace_3/src/calcu_node/src/calculator.cpp:1[m[K:
[21.572s] [01m[K/opt/ros/humble/include/rclcpp/rclcpp/node.hpp:238:3:[m[K [01;36m[Knote: [m[Kcandidate: â€˜[01m[Ktemplate<class DurationRepT, class DurationT, class CallbackT> typename rclcpp::WallTimer<CallbackT>::SharedPtr rclcpp::Node::create_wall_timer(std::chrono::duration<_Rep1, _Period1>, CallbackT, rclcpp::CallbackGroup::SharedPtr)[m[Kâ€™
[21.572s]   238 |   [01;36m[Kcreate_wall_timer[m[K(
[21.572s]       |   [01;36m[K^~~~~~~~~~~~~~~~~[m[K
[21.572s] [01m[K/opt/ros/humble/include/rclcpp/rclcpp/node.hpp:238:3:[m[K [01;36m[Knote: [m[K  template argument deduction/substitution failed:
[21.576s] [01m[K/home/wayan1/ros2_workspace_3/src/calcu_node/src/calculator.cpp:14:37:[m[K [01;36m[Knote: [m[K  candidate expects 3 arguments, 1 provided
[21.576s]    14 |     timer_ = [01;36m[Kthis->create_wall_timer(std::chrono::seconds(4))[m[K, std::bind(&TrigCalculatorNode::publishTrigOperation, this));
[21.576s]       |              [01;36m[K~~~~~~~~~~~~~~~~~~~~~~~^~~~~~~~~~~~~~~~~~~~~~~~~[m[K
[41.930s] gmake[2]: *** [CMakeFiles/talk.dir/build.make:76: CMakeFiles/talk.dir/src/calculator.cpp.o] Error 1
[41.990s] gmake[1]: *** [CMakeFiles/Makefile2:139: CMakeFiles/talk.dir/all] Error 2
[42.041s] gmake: *** [Makefile:146: all] Error 2
[42.832s] Invoked command in '/home/wayan1/ros2_workspace_3/build/calcu_node' returned '2': CMAKE_PREFIX_PATH=${CMAKE_PREFIX_PATH}:/opt/ros/humble /usr/bin/cmake --build /home/wayan1/ros2_workspace_3/build/calcu_node -- -j2 -l2
